{"type":"server-started","port":64897,"host":"127.0.0.1","url_host":"localhost","url":"http://localhost:64897","screen_dir":"/Users/nikolaitennant/Documents/GitHub/nikolaitennant.github.io/.superpowers/brainstorm/75728-1775311526/content","state_dir":"/Users/nikolaitennant/Documents/GitHub/nikolaitennant.github.io/.superpowers/brainstorm/75728-1775311526/state"}
{"type":"screen-added","file":"/Users/nikolaitennant/Documents/GitHub/nikolaitennant.github.io/.superpowers/brainstorm/75728-1775311526/content/ghost-v5-polished.html"}
{"type":"screen-updated","file":"/Users/nikolaitennant/Documents/GitHub/nikolaitennant.github.io/.superpowers/brainstorm/75728-1775311526/content/ghost-v5-polished.html"}
{"type":"screen-added","file":"/Users/nikolaitennant/Documents/GitHub/nikolaitennant.github.io/.superpowers/brainstorm/75728-1775311526/content/ghost-v6-minimal-chat.html"}
{"type":"screen-updated","file":"/Users/nikolaitennant/Documents/GitHub/nikolaitennant.github.io/.superpowers/brainstorm/75728-1775311526/content/ghost-v6-minimal-chat.html"}
{"type":"screen-updated","file":"/Users/nikolaitennant/Documents/GitHub/nikolaitennant.github.io/.superpowers/brainstorm/75728-1775311526/content/ghost-v6-minimal-chat.html"}
{"type":"screen-updated","file":"/Users/nikolaitennant/Documents/GitHub/nikolaitennant.github.io/.superpowers/brainstorm/75728-1775311526/content/ghost-v6-minimal-chat.html"}
{"type":"screen-updated","file":"/Users/nikolaitennant/Documents/GitHub/nikolaitennant.github.io/.superpowers/brainstorm/75728-1775311526/content/ghost-v6-minimal-chat.html"}
{"type":"screen-updated","file":"/Users/nikolaitennant/Documents/GitHub/nikolaitennant.github.io/.superpowers/brainstorm/75728-1775311526/content/ghost-v6-minimal-chat.html"}
{"type":"screen-updated","file":"/Users/nikolaitennant/Documents/GitHub/nikolaitennant.github.io/.superpowers/brainstorm/75728-1775311526/content/ghost-v6-minimal-chat.html"}
{"type":"screen-updated","file":"/Users/nikolaitennant/Documents/GitHub/nikolaitennant.github.io/.superpowers/brainstorm/75728-1775311526/content/ghost-v6-minimal-chat.html"}
{"type":"screen-updated","file":"/Users/nikolaitennant/Documents/GitHub/nikolaitennant.github.io/.superpowers/brainstorm/75728-1775311526/content/ghost-v6-minimal-chat.html"}
{"type":"screen-updated","file":"/Users/nikolaitennant/Documents/GitHub/nikolaitennant.github.io/.superpowers/brainstorm/75728-1775311526/content/ghost-v6-minimal-chat.html"}
{"type":"screen-updated","file":"/Users/nikolaitennant/Documents/GitHub/nikolaitennant.github.io/.superpowers/brainstorm/75728-1775311526/content/ghost-v6-minimal-chat.html"}
{"type":"screen-updated","file":"/Users/nikolaitennant/Documents/GitHub/nikolaitennant.github.io/.superpowers/brainstorm/75728-1775311526/content/ghost-v6-minimal-chat.html"}
{"type":"screen-updated","file":"/Users/nikolaitennant/Documents/GitHub/nikolaitennant.github.io/.superpowers/brainstorm/75728-1775311526/content/ghost-v6-minimal-chat.html"}
{"type":"screen-updated","file":"/Users/nikolaitennant/Documents/GitHub/nikolaitennant.github.io/.superpowers/brainstorm/75728-1775311526/content/ghost-v6-minimal-chat.html"}
{"type":"screen-updated","file":"/Users/nikolaitennant/Documents/GitHub/nikolaitennant.github.io/.superpowers/brainstorm/75728-1775311526/content/ghost-v6-minimal-chat.html"}
{"type":"screen-updated","file":"/Users/nikolaitennant/Documents/GitHub/nikolaitennant.github.io/.superpowers/brainstorm/75728-1775311526/content/ghost-v6-minimal-chat.html"}
{"type":"screen-updated","file":"/Users/nikolaitennant/Documents/GitHub/nikolaitennant.github.io/.superpowers/brainstorm/75728-1775311526/content/ghost-v6-minimal-chat.html"}
{"type":"screen-updated","file":"/Users/nikolaitennant/Documents/GitHub/nikolaitennant.github.io/.superpowers/brainstorm/75728-1775311526/content/ghost-v6-minimal-chat.html"}
{"type":"screen-updated","file":"/Users/nikolaitennant/Documents/GitHub/nikolaitennant.github.io/.superpowers/brainstorm/75728-1775311526/content/ghost-v6-minimal-chat.html"}
{"type":"screen-updated","file":"/Users/nikolaitennant/Documents/GitHub/nikolaitennant.github.io/.superpowers/brainstorm/75728-1775311526/content/ghost-v6-minimal-chat.html"}
{"type":"screen-updated","file":"/Users/nikolaitennant/Documents/GitHub/nikolaitennant.github.io/.superpowers/brainstorm/75728-1775311526/content/ghost-v6-minimal-chat.html"}
{"type":"screen-updated","file":"/Users/nikolaitennant/Documents/GitHub/nikolaitennant.github.io/.superpowers/brainstorm/75728-1775311526/content/ghost-v6-minimal-chat.html"}
{"type":"server-stopped","reason":"idle timeout"}
