{"type":"server-started","port":65180,"host":"127.0.0.1","url_host":"localhost","url":"http://localhost:65180","screen_dir":"/Users/nikolaitennant/Documents/GitHub/nikolaitennant.github.io/.superpowers/brainstorm/61959-1775301790/content","state_dir":"/Users/nikolaitennant/Documents/GitHub/nikolaitennant.github.io/.superpowers/brainstorm/61959-1775301790/state"}
{"type":"screen-added","file":"/Users/nikolaitennant/Documents/GitHub/nikolaitennant.github.io/.superpowers/brainstorm/61959-1775301790/content/3d-object-options.html"}
{"source":"user-event","type":"click","text":"A\n    \n      Neural Orb\n      A glowing sphere with visible internal particle connections -- like synapses firing. Pulses and shifts color when the chat AI is \"thinking.\" Minimal, elegant, futuristic. Think: a contained universe of thought.\n      Vibe: Clean, premium, sci-fi","choice":"a","id":null,"timestamp":1775303242397}
{"source":"user-event","type":"click","text":"B\n    \n      Wireframe Brain / Neural Network\n      A stylized 3D brain or network graph with nodes and edges. Nodes light up in sequence when processing. More literal representation of AI/ML work. Connections animate as data \"flows\" through.\n      Vibe: Technical, literal, academic","choice":"b","id":null,"timestamp":1775303243260}
{"source":"user-event","type":"click","text":"A\n    \n      Neural Orb\n      A glowing sphere with visible internal particle connections -- like synapses firing. Pulses and shifts color when the chat AI is \"thinking.\" Minimal, elegant, futuristic. Think: a contained universe of thought.\n      Vibe: Clean, premium, sci-fi","choice":"a","id":null,"timestamp":1775303248198}
{"type":"screen-added","file":"/Users/nikolaitennant/Documents/GitHub/nikolaitennant.github.io/.superpowers/brainstorm/61959-1775301790/content/ai-section-mockup.html"}
{"type":"screen-updated","file":"/Users/nikolaitennant/Documents/GitHub/nikolaitennant.github.io/.superpowers/brainstorm/61959-1775301790/content/ai-section-mockup.html"}
{"type":"screen-added","file":"/Users/nikolaitennant/Documents/GitHub/nikolaitennant.github.io/.superpowers/brainstorm/61959-1775301790/content/full-page-mockup.html"}
{"type":"screen-updated","file":"/Users/nikolaitennant/Documents/GitHub/nikolaitennant.github.io/.superpowers/brainstorm/61959-1775301790/content/full-page-mockup.html"}
{"type":"screen-added","file":"/Users/nikolaitennant/Documents/GitHub/nikolaitennant.github.io/.superpowers/brainstorm/61959-1775301790/content/ghost-companion-mockup.html"}
{"type":"screen-updated","file":"/Users/nikolaitennant/Documents/GitHub/nikolaitennant.github.io/.superpowers/brainstorm/61959-1775301790/content/ghost-companion-mockup.html"}
{"type":"screen-added","file":"/Users/nikolaitennant/Documents/GitHub/nikolaitennant.github.io/.superpowers/brainstorm/61959-1775301790/content/ghost-v2-autonomous.html"}
{"type":"screen-updated","file":"/Users/nikolaitennant/Documents/GitHub/nikolaitennant.github.io/.superpowers/brainstorm/61959-1775301790/content/ghost-v2-autonomous.html"}
{"type":"screen-added","file":"/Users/nikolaitennant/Documents/GitHub/nikolaitennant.github.io/.superpowers/brainstorm/61959-1775301790/content/ghost-v3-roaming.html"}
{"type":"screen-updated","file":"/Users/nikolaitennant/Documents/GitHub/nikolaitennant.github.io/.superpowers/brainstorm/61959-1775301790/content/ghost-v3-roaming.html"}
{"type":"screen-added","file":"/Users/nikolaitennant/Documents/GitHub/nikolaitennant.github.io/.superpowers/brainstorm/61959-1775301790/content/ghost-v4-organic.html"}
{"type":"screen-updated","file":"/Users/nikolaitennant/Documents/GitHub/nikolaitennant.github.io/.superpowers/brainstorm/61959-1775301790/content/ghost-v4-organic.html"}
{"type":"screen-added","file":"/Users/nikolaitennant/Documents/GitHub/nikolaitennant.github.io/.superpowers/brainstorm/61959-1775301790/content/ghost-v5-polished.html"}
{"type":"screen-updated","file":"/Users/nikolaitennant/Documents/GitHub/nikolaitennant.github.io/.superpowers/brainstorm/61959-1775301790/content/ghost-v5-polished.html"}
{"type":"server-stopped","reason":"idle timeout"}
